This is pdfTeX, Version 3.14159265-2.6-1.40.17 (TeX Live 2016) (preloaded format=pdflatex 2016.5.22)  1 DEC 2018 22:21
entering extended mode
 restricted \write18 enabled.
 file:line:error style messages enabled.
 %&-line parsing enabled.
**template.tex
(./template.tex
LaTeX2e <2016/03/31>
Babel <3.9r> and hyphenation patterns for 83 language(s) loaded.

LaTeX Warning: File `example.eps' already exists on the system.
               Not generating it from this source.

(/usr/local/texlive/2016/texmf-dist/tex/latex/base/fix-cm.sty
Package: fix-cm 2015/01/14 v1.1t fixes to LaTeX

(/usr/local/texlive/2016/texmf-dist/tex/latex/base/ts1enc.def
File: ts1enc.def 2001/06/05 v3.0e (jk/car/fm) Standard LaTeX file
)) (./svjour3.cls
Document Class: svjour3 2007/05/08 v3.2 
LaTeX document class for Springer journals
(/usr/local/texlive/2016/texmf-dist/tex/latex/base/fleqn.clo
File: fleqn.clo 2015/03/31 v1.1i Standard LaTeX option (flush left equations)
\mathindent=\dimen102
Applying: [2015/01/01] Make \[ robust on input line 50.
LaTeX Info: Redefining \[ on input line 51.
Already applied: [0000/00/00] Make \[ robust on input line 62.
Applying: [2015/01/01] Make \] robust on input line 74.
LaTeX Info: Redefining \] on input line 75.
Already applied: [0000/00/00] Make \] robust on input line 83.
)
Class Springer-SVJour3 Info: extra/valid Springer sub-package (-> *.clo) 
(Springer-SVJour3)           not found in option list of \documentclass
(Springer-SVJour3)           - autoactivating "global" style.
 (./svglov3.clo
File: svglov3.clo 2009/12/18 v3.2 style option for standardised journals

SVJour Class option: svglov3.clo for standardised journals
)
LaTeX Font Info:    Redeclaring math symbol \Gamma on input line 147.
LaTeX Font Info:    Redeclaring math symbol \Delta on input line 148.
LaTeX Font Info:    Redeclaring math symbol \Theta on input line 149.
LaTeX Font Info:    Redeclaring math symbol \Lambda on input line 150.
LaTeX Font Info:    Redeclaring math symbol \Xi on input line 151.
LaTeX Font Info:    Redeclaring math symbol \Pi on input line 152.
LaTeX Font Info:    Redeclaring math symbol \Sigma on input line 153.
LaTeX Font Info:    Redeclaring math symbol \Upsilon on input line 154.
LaTeX Font Info:    Redeclaring math symbol \Phi on input line 155.
LaTeX Font Info:    Redeclaring math symbol \Psi on input line 156.
LaTeX Font Info:    Redeclaring math symbol \Omega on input line 157.
\logodepth=\dimen103
\headerboxheight=\dimen104
\betweenumberspace=\dimen105
\aftertext=\dimen106
\headlineindent=\dimen107
\c@inst=\count79
\c@auth=\count80
\instindent=\dimen108
\authrun=\box26
\authorrunning=\toks14
\titrun=\box27
\titlerunning=\toks15
\combirun=\box28
\c@lastpage=\count81
\rubricwidth=\dimen109
\c@section=\count82
\c@subsection=\count83
\c@subsubsection=\count84
\c@paragraph=\count85
\c@subparagraph=\count86
\spthmsep=\dimen110
\c@theorem=\count87
\c@case=\count88
\c@conjecture=\count89
\c@corollary=\count90
\c@definition=\count91
\c@example=\count92
\c@exercise=\count93
\c@lemma=\count94
\c@note=\count95
\c@problem=\count96
\c@property=\count97
\c@proposition=\count98
\c@question=\count99
\c@solution=\count100
\c@remark=\count101
\c@figure=\count102
\c@table=\count103
\abovecaptionskip=\skip41
\belowcaptionskip=\skip42
\figcapgap=\dimen111
\tabcapgap=\dimen112
\figgap=\dimen113
\bibindent=\dimen114
\@tempcntc=\count104
) (/usr/local/texlive/2016/texmf-dist/tex/latex/graphics/graphicx.sty
Package: graphicx 2014/10/28 v1.0g Enhanced LaTeX Graphics (DPC,SPQR)

(/usr/local/texlive/2016/texmf-dist/tex/latex/graphics/keyval.sty
Package: keyval 2014/10/28 v1.15 key=value parser (DPC)
\KV@toks@=\toks16
)
(/usr/local/texlive/2016/texmf-dist/tex/latex/graphics/graphics.sty
Package: graphics 2016/05/09 v1.0r Standard LaTeX Graphics (DPC,SPQR)

(/usr/local/texlive/2016/texmf-dist/tex/latex/graphics/trig.sty
Package: trig 2016/01/03 v1.10 sin cos tan (DPC)
)
(/usr/local/texlive/2016/texmf-dist/tex/latex/graphics-cfg/graphics.cfg
File: graphics.cfg 2016/01/02 v1.10 sample graphics configuration
)
Package graphics Info: Driver file: pdftex.def on input line 96.

(/usr/local/texlive/2016/texmf-dist/tex/latex/pdftex-def/pdftex.def
File: pdftex.def 2011/05/27 v0.06d Graphics/color for pdfTeX

(/usr/local/texlive/2016/texmf-dist/tex/generic/oberdiek/infwarerr.sty
Package: infwarerr 2016/05/16 v1.4 Providing info/warning/error messages (HO)
)
(/usr/local/texlive/2016/texmf-dist/tex/generic/oberdiek/ltxcmds.sty
Package: ltxcmds 2016/05/16 v1.23 LaTeX kernel commands for general use (HO)
)
\Gread@gobject=\count105
))
\Gin@req@height=\dimen115
\Gin@req@width=\dimen116
)
(/usr/local/texlive/2016/texmf-dist/tex/latex/graphics/color.sty
Package: color 2016/05/09 v1.1c Standard LaTeX Color (DPC)

(/usr/local/texlive/2016/texmf-dist/tex/latex/graphics-cfg/color.cfg
File: color.cfg 2016/01/02 v1.6 sample color configuration
)
Package color Info: Driver file: pdftex.def on input line 144.
)
(/usr/local/texlive/2016/texmf-dist/tex/latex/amsmath/amsmath.sty
Package: amsmath 2016/03/10 v2.15b AMS math features
\@mathmargin=\skip43

For additional information on amsmath, use the `?' option.
(/usr/local/texlive/2016/texmf-dist/tex/latex/amsmath/amstext.sty
Package: amstext 2000/06/29 v2.01 AMS text

(/usr/local/texlive/2016/texmf-dist/tex/latex/amsmath/amsgen.sty
File: amsgen.sty 1999/11/30 v2.0 generic functions
\@emptytoks=\toks17
\ex@=\dimen117
))
(/usr/local/texlive/2016/texmf-dist/tex/latex/amsmath/amsbsy.sty
Package: amsbsy 1999/11/29 v1.2d Bold Symbols
\pmbraise@=\dimen118
)
(/usr/local/texlive/2016/texmf-dist/tex/latex/amsmath/amsopn.sty
Package: amsopn 2016/03/08 v2.02 operator names
)
\inf@bad=\count106
LaTeX Info: Redefining \frac on input line 199.
\uproot@=\count107
\leftroot@=\count108
LaTeX Info: Redefining \overline on input line 297.
\classnum@=\count109
\DOTSCASE@=\count110
LaTeX Info: Redefining \ldots on input line 394.
LaTeX Info: Redefining \dots on input line 397.
LaTeX Info: Redefining \cdots on input line 518.
\Mathstrutbox@=\box29
\strutbox@=\box30
\big@size=\dimen119
LaTeX Font Info:    Redeclaring font encoding OML on input line 634.
LaTeX Font Info:    Redeclaring font encoding OMS on input line 635.


Package amsmath Warning: Unable to redefine math accent \vec.

\macc@depth=\count111
\c@MaxMatrixCols=\count112
\dotsspace@=\muskip10
\c@parentequation=\count113
\dspbrk@lvl=\count114
\tag@help=\toks18
\row@=\count115
\column@=\count116
\maxfields@=\count117
\andhelp@=\toks19
\eqnshift@=\dimen120
\alignsep@=\dimen121
\tagshift@=\dimen122
\tagwidth@=\dimen123
\totwidth@=\dimen124
\lineht@=\dimen125
\@envbody=\toks20
\multlinegap=\skip44
\multlinetaggap=\skip45
\mathdisplay@stack=\toks21
LaTeX Info: Redefining \[ on input line 2739.
LaTeX Info: Redefining \] on input line 2740.
) (/usr/local/texlive/2016/texmf-dist/tex/latex/amsfonts/amssymb.sty
Package: amssymb 2013/01/14 v3.01 AMS font symbols

(/usr/local/texlive/2016/texmf-dist/tex/latex/amsfonts/amsfonts.sty
Package: amsfonts 2013/01/14 v3.01 Basic AMSFonts support
\symAMSa=\mathgroup4
\symAMSb=\mathgroup5
LaTeX Font Info:    Overwriting math alphabet `\mathfrak' in version `bold'
(Font)                  U/euf/m/n --> U/euf/b/n on input line 106.
))
(/usr/local/texlive/2016/texmf-dist/tex/latex/physics/physics.sty
Package: physics 

(/usr/local/texlive/2016/texmf-dist/tex/latex/l3packages/xparse/xparse.sty
(/usr/local/texlive/2016/texmf-dist/tex/latex/l3kernel/expl3.sty
Package: expl3 2016/05/18 v6512 L3 programming layer (loader) 

(/usr/local/texlive/2016/texmf-dist/tex/latex/l3kernel/expl3-code.tex
Package: expl3 2016/05/18 v6512 L3 programming layer (code)
L3 Module: l3bootstrap 2016/02/12 v6412 L3 Bootstrap code
L3 Module: l3names 2016/03/11 v6433 L3 Namespace for primitives
L3 Module: l3basics 2015/11/22 v6315 L3 Basic definitions
L3 Module: l3expan 2015/09/10 v5983 L3 Argument expansion
L3 Module: l3tl 2016/03/26 v6465 L3 Token lists
L3 Module: l3str 2016/03/24 v6441 L3 Strings
L3 Module: l3seq 2015/08/05 v5777 L3 Sequences and stacks
L3 Module: l3int 2016/03/24 v6441 L3 Integers
\c_max_int=\count118
\l_tmpa_int=\count119
\l_tmpb_int=\count120
\g_tmpa_int=\count121
\g_tmpb_int=\count122
L3 Module: l3quark 2015/08/17 v5855 L3 Quarks
L3 Module: l3prg 2015/11/01 v6216 L3 Control structures
\g__prg_map_int=\count123
L3 Module: l3clist 2015/09/02 v5901 L3 Comma separated lists
L3 Module: l3token 2016/04/03 v6470 L3 Experimental token manipulation
L3 Module: l3prop 2016/01/05 v6366 L3 Property lists
L3 Module: l3msg 2016/03/26 v6464 L3 Messages
L3 Module: l3file 2016/03/25 v6458 L3 File and I/O operations
\l_iow_line_count_int=\count124
\l__iow_target_count_int=\count125
\l__iow_current_line_int=\count126
\l__iow_current_word_int=\count127
\l__iow_current_indentation_int=\count128
L3 Module: l3skip 2016/01/05 v6366 L3 Dimensions and skips
\c_zero_dim=\dimen126
\c_max_dim=\dimen127
\l_tmpa_dim=\dimen128
\l_tmpb_dim=\dimen129
\g_tmpa_dim=\dimen130
\g_tmpb_dim=\dimen131
\c_zero_skip=\skip46
\c_max_skip=\skip47
\l_tmpa_skip=\skip48
\l_tmpb_skip=\skip49
\g_tmpa_skip=\skip50
\g_tmpb_skip=\skip51
\c_zero_muskip=\muskip11
\c_max_muskip=\muskip12
\l_tmpa_muskip=\muskip13
\l_tmpb_muskip=\muskip14
\g_tmpa_muskip=\muskip15
\g_tmpb_muskip=\muskip16
L3 Module: l3keys 2015/11/17 v6284 L3 Key-value interfaces
\g__keyval_level_int=\count129
\l_keys_choice_int=\count130
L3 Module: l3fp 2016/03/26 v6465 L3 Floating points
\c__fp_leading_shift_int=\count131
\c__fp_middle_shift_int=\count132
\c__fp_trailing_shift_int=\count133
\c__fp_big_leading_shift_int=\count134
\c__fp_big_middle_shift_int=\count135
\c__fp_big_trailing_shift_int=\count136
\c__fp_Bigg_leading_shift_int=\count137
\c__fp_Bigg_middle_shift_int=\count138
\c__fp_Bigg_trailing_shift_int=\count139
L3 Module: l3box 2015/08/09 v5822 L3 Experimental boxes
\c_empty_box=\box31
\l_tmpa_box=\box32
\l_tmpb_box=\box33
\g_tmpa_box=\box34
\g_tmpb_box=\box35
L3 Module: l3coffins 2016/05/17 v6508 L3 Coffin code layer
\l__coffin_internal_box=\box36
\l__coffin_internal_dim=\dimen132
\l__coffin_offset_x_dim=\dimen133
\l__coffin_offset_y_dim=\dimen134
\l__coffin_x_dim=\dimen135
\l__coffin_y_dim=\dimen136
\l__coffin_x_prime_dim=\dimen137
\l__coffin_y_prime_dim=\dimen138
\c_empty_coffin=\box37
\l__coffin_aligned_coffin=\box38
\l__coffin_aligned_internal_coffin=\box39
\l_tmpa_coffin=\box40
\l_tmpb_coffin=\box41
\l__coffin_display_coffin=\box42
\l__coffin_display_coord_coffin=\box43
\l__coffin_display_pole_coffin=\box44
\l__coffin_display_offset_dim=\dimen139
\l__coffin_display_x_dim=\dimen140
\l__coffin_display_y_dim=\dimen141
L3 Module: l3color 2014/08/23 v5354 L3 Experimental color support
L3 Module: l3sys 2015/09/25 v6087 L3 Experimental system/runtime functions
L3 Module: l3candidates 2016/05/13 v6484 L3 Experimental additions to l3kernel
\l__box_top_dim=\dimen142
\l__box_bottom_dim=\dimen143
\l__box_left_dim=\dimen144
\l__box_right_dim=\dimen145
\l__box_top_new_dim=\dimen146
\l__box_bottom_new_dim=\dimen147
\l__box_left_new_dim=\dimen148
\l__box_right_new_dim=\dimen149
\l__box_internal_box=\box45
\l__coffin_bounding_shift_dim=\dimen150
\l__coffin_left_corner_dim=\dimen151
\l__coffin_right_corner_dim=\dimen152
\l__coffin_bottom_corner_dim=\dimen153
\l__coffin_top_corner_dim=\dimen154
\l__coffin_scaled_total_height_dim=\dimen155
\l__coffin_scaled_width_dim=\dimen156
L3 Module: l3luatex 2016/03/26 v6465 L3 Experimental LuaTeX-specific functions
)
(/usr/local/texlive/2016/texmf-dist/tex/latex/l3kernel/l3pdfmode.def
File: l3pdfmode.def 2016/03/26 v6465 L3 Experimental driver: PDF mode
\l__driver_color_stack_int=\count140
\l__driver_tmp_box=\box46
))
Package: xparse 2016/05/18 v6512 L3 Experimental document command parser
\l__xparse_current_arg_int=\count141
\l__xparse_m_args_int=\count142
\l__xparse_mandatory_args_int=\count143
\l__xparse_processor_int=\count144
\l__xparse_v_nesting_int=\count145
)
.................................................
. LaTeX info: "xparse/define-command"
. 
. Defining command \vnabla with sig. '' on line 25.
.................................................
.................................................
. LaTeX info: "xparse/define-command"
. 
. Defining command \varE with sig. '' on line 29.
.................................................
.................................................
. LaTeX info: "xparse/define-command"
. 
. Defining command \ordersymbol with sig. '' on line 30.
.................................................
.................................................
. LaTeX info: "xparse/define-command"
. 
. Defining command \lparen with sig. '' on line 31.
.................................................
.................................................
. LaTeX info: "xparse/define-command"
. 
. Defining command \rparen with sig. '' on line 32.
.................................................
.................................................
. LaTeX info: "xparse/define-command"
. 
. Defining command \quantity with sig. '' on line 35.
.................................................
.................................................
. LaTeX info: "xparse/define-command"
. 
. Defining command \@quantity with sig. ' t\big t\Big t\bigg t\Bigg g o d()
. d|| ' on line 62.
.................................................
.................................................
. LaTeX info: "xparse/define-command"
. 
. Defining command \qty with sig. '' on line 63.
.................................................
.................................................
. LaTeX info: "xparse/define-command"
. 
. Defining command \pqty with sig. ' l m ' on line 64.
.................................................
.................................................
. LaTeX info: "xparse/define-command"
. 
. Defining command \bqty with sig. ' l m ' on line 65.
.................................................
.................................................
. LaTeX info: "xparse/define-command"
. 
. Defining command \Bqty with sig. ' l m ' on line 66.
.................................................
.................................................
. LaTeX info: "xparse/define-command"
. 
. Defining command \vqty with sig. ' l m ' on line 67.
.................................................
.................................................
. LaTeX info: "xparse/define-command"
. 
. Defining command \pmqty with sig. 'm' on line 70.
.................................................
.................................................
. LaTeX info: "xparse/define-command"
. 
. Defining command \Pmqty with sig. 'm' on line 71.
.................................................
.................................................
. LaTeX info: "xparse/define-command"
. 
. Defining command \bmqty with sig. 'm' on line 72.
.................................................
.................................................
. LaTeX info: "xparse/define-command"
. 
. Defining command \vmqty with sig. 'm' on line 73.
.................................................
.................................................
. LaTeX info: "xparse/define-command"
. 
. Defining command \matrixquantity with sig. '' on line 74.
.................................................
.................................................
. LaTeX info: "xparse/define-command"
. 
. Defining command \@matrixquantity with sig. ' s g o d() d|| ' on line 100.
.................................................
.................................................
. LaTeX info: "xparse/define-command"
. 
. Defining command \mqty with sig. '' on line 101.
.................................................
.................................................
. LaTeX info: "xparse/define-command"
. 
. Defining command \matrixdeterminant with sig. 'm' on line 102.
.................................................
.................................................
. LaTeX info: "xparse/define-command"
. 
. Defining command \mdet with sig. '' on line 103.
.................................................
.................................................
. LaTeX info: "xparse/define-command"
. 
. Defining command \spmqty with sig. 'm' on line 105.
.................................................
.................................................
. LaTeX info: "xparse/define-command"
. 
. Defining command \sPmqty with sig. 'm' on line 106.
.................................................
.................................................
. LaTeX info: "xparse/define-command"
. 
. Defining command \sbmqty with sig. 'm' on line 107.
.................................................
.................................................
. LaTeX info: "xparse/define-command"
. 
. Defining command \svmqty with sig. 'm' on line 108.
.................................................
.................................................
. LaTeX info: "xparse/define-command"
. 
. Defining command \smallmatrixquantity with sig. ' s g o d() d|| ' on line
. 133.
.................................................
.................................................
. LaTeX info: "xparse/define-command"
. 
. Defining command \smqty with sig. '' on line 134.
.................................................
.................................................
. LaTeX info: "xparse/define-command"
. 
. Defining command \smallmatrixdeterminant with sig. 'm' on line 135.
.................................................
.................................................
. LaTeX info: "xparse/define-command"
. 
. Defining command \smdet with sig. '' on line 136.
.................................................
.................................................
. LaTeX info: "xparse/define-command"
. 
. Defining command \argopen with sig. 's' on line 138.
.................................................
.................................................
. LaTeX info: "xparse/define-command"
. 
. Defining command \argclose with sig. 's' on line 139.
.................................................
.................................................
. LaTeX info: "xparse/define-command"
. 
. Defining command \braces with sig. '' on line 141.
.................................................
.................................................
. LaTeX info: "xparse/define-command"
. 
. Defining command \@braces with sig. ' s t\big t\Big t\bigg t\Bigg m m m ' on
. line 156.
.................................................
.................................................
. LaTeX info: "xparse/define-command"
. 
. Defining command \fbraces with sig. ' s t\big t\Big t\bigg t\Bigg m m m m '
. on line 174.
.................................................
.................................................
. LaTeX info: "xparse/define-command"
. 
. Defining command \absolutevalue with sig. ' l m ' on line 176.
.................................................
.................................................
. LaTeX info: "xparse/define-command"
. 
. Defining command \abs with sig. '' on line 177.
.................................................
.................................................
. LaTeX info: "xparse/define-command"
. 
. Defining command \norm with sig. ' l m ' on line 178.
.................................................
.................................................
. LaTeX info: "xparse/define-command"
. 
. Defining command \order with sig. ' l m ' on line 179.
.................................................
.................................................
. LaTeX info: "xparse/define-command"
. 
. Defining command \evaluated with sig. ' s g d[| d(| ' on line 194.
.................................................
.................................................
. LaTeX info: "xparse/define-command"
. 
. Defining command \eval with sig. '' on line 195.
.................................................
.................................................
. LaTeX info: "xparse/define-command"
. 
. Defining command \poissonbracket with sig. ' l m m ' on line 197.
.................................................
.................................................
. LaTeX info: "xparse/define-command"
. 
. Defining command \pb with sig. '' on line 198.
.................................................
.................................................
. LaTeX info: "xparse/define-command"
. 
. Defining command \commutator with sig. ' l m m ' on line 201.
.................................................
.................................................
. LaTeX info: "xparse/define-command"
. 
. Defining command \comm with sig. '' on line 202.
.................................................
.................................................
. LaTeX info: "xparse/define-command"
. 
. Defining command \anticommutator with sig. ' l m m ' on line 203.
.................................................
.................................................
. LaTeX info: "xparse/define-command"
. 
. Defining command \acommutator with sig. '' on line 204.
.................................................
.................................................
. LaTeX info: "xparse/define-command"
. 
. Defining command \acomm with sig. '' on line 205.
.................................................
.................................................
. LaTeX info: "xparse/define-command"
. 
. Defining command \vectorbold with sig. ' s m ' on line 208.
.................................................
.................................................
. LaTeX info: "xparse/define-command"
. 
. Defining command \vb with sig. '' on line 209.
.................................................
.................................................
. LaTeX info: "xparse/define-command"
. 
. Defining command \vectorarrow with sig. ' s m ' on line 211.
.................................................
.................................................
. LaTeX info: "xparse/define-command"
. 
. Defining command \va with sig. '' on line 212.
.................................................
.................................................
. LaTeX info: "xparse/define-command"
. 
. Defining command \vectorunit with sig. ' s m ' on line 214.
.................................................
.................................................
. LaTeX info: "xparse/define-command"
. 
. Defining command \vu with sig. '' on line 215.
.................................................
.................................................
. LaTeX info: "xparse/define-command"
. 
. Defining command \dotproduct with sig. '' on line 217.
.................................................
.................................................
. LaTeX info: "xparse/define-command"
. 
. Defining command \vdot with sig. '' on line 218.
.................................................
.................................................
. LaTeX info: "xparse/define-command"
. 
. Defining command \crossproduct with sig. '' on line 220.
.................................................
.................................................
. LaTeX info: "xparse/define-command"
. 
. Defining command \cross with sig. '' on line 221.
.................................................
.................................................
. LaTeX info: "xparse/define-command"
. 
. Defining command \cp with sig. '' on line 222.
.................................................
.................................................
. LaTeX info: "xparse/define-command"
. 
. Defining command \gradient with sig. ' g o d() ' on line 232.
.................................................
.................................................
. LaTeX info: "xparse/define-command"
. 
. Defining command \grad with sig. '' on line 233.
.................................................
.................................................
. LaTeX info: "xparse/define-command"
. 
. Defining command \divergence with sig. ' g o d() ' on line 243.
.................................................
.................................................
. LaTeX info: "xparse/define-command"
. 
. Defining command \div with sig. '' on line 246.
.................................................
.................................................
. LaTeX info: "xparse/define-command"
. 
. Defining command \curl with sig. ' g o d() ' on line 256.
.................................................
.................................................
. LaTeX info: "xparse/define-command"
. 
. Defining command \laplacian with sig. ' g o d() ' on line 266.
.................................................
.................................................
. LaTeX info: "xparse/define-command"
. 
. Defining command \principalvalue with sig. 'g' on line 274.
.................................................
.................................................
. LaTeX info: "xparse/define-command"
. 
. Defining command \pv with sig. '' on line 275.
.................................................
.................................................
. LaTeX info: "xparse/define-command"
. 
. Defining command \PV with sig. 'g' on line 276.
.................................................
.................................................
. LaTeX info: "xparse/redefine-command"
. 
. Redefining command \Re with sig. 'g' on line 277.
.................................................
.................................................
. LaTeX info: "xparse/redefine-command"
. 
. Redefining command \Im with sig. 'g' on line 278.
.................................................
.................................................
. LaTeX info: "xparse/define-command"
. 
. Defining command \opbraces with sig. ' m g o d() ' on line 299.
.................................................
.................................................
. LaTeX info: "xparse/define-command"
. 
. Defining command \trigbraces with sig. ' m o d() ' on line 305.
.................................................
.................................................
. LaTeX info: "xparse/redefine-command"
. 
. Redefining command \sin with sig. '' on line 309.
.................................................
.................................................
. LaTeX info: "xparse/redefine-command"
. 
. Redefining command \cos with sig. '' on line 310.
.................................................
.................................................
. LaTeX info: "xparse/redefine-command"
. 
. Redefining command \tan with sig. '' on line 311.
.................................................
.................................................
. LaTeX info: "xparse/redefine-command"
. 
. Redefining command \csc with sig. '' on line 312.
.................................................
.................................................
. LaTeX info: "xparse/redefine-command"
. 
. Redefining command \sec with sig. '' on line 313.
.................................................
.................................................
. LaTeX info: "xparse/redefine-command"
. 
. Redefining command \cot with sig. '' on line 314.
.................................................
.................................................
. LaTeX info: "xparse/redefine-command"
. 
. Redefining command \arcsin with sig. '' on line 316.
.................................................
.................................................
. LaTeX info: "xparse/redefine-command"
. 
. Redefining command \arccos with sig. '' on line 317.
.................................................
.................................................
. LaTeX info: "xparse/redefine-command"
. 
. Redefining command \arctan with sig. '' on line 318.
.................................................
.................................................
. LaTeX info: "xparse/define-command"
. 
. Defining command \arccsc with sig. '' on line 320.
.................................................
.................................................
. LaTeX info: "xparse/define-command"
. 
. Defining command \arcsec with sig. '' on line 322.
.................................................
.................................................
. LaTeX info: "xparse/define-command"
. 
. Defining command \arccot with sig. '' on line 324.
.................................................
.................................................
. LaTeX info: "xparse/define-command"
. 
. Defining command \asin with sig. '' on line 327.
.................................................
.................................................
. LaTeX info: "xparse/define-command"
. 
. Defining command \acos with sig. '' on line 329.
.................................................
.................................................
. LaTeX info: "xparse/define-command"
. 
. Defining command \atan with sig. '' on line 331.
.................................................
.................................................
. LaTeX info: "xparse/define-command"
. 
. Defining command \acsc with sig. '' on line 333.
.................................................
.................................................
. LaTeX info: "xparse/define-command"
. 
. Defining command \asec with sig. '' on line 335.
.................................................
.................................................
. LaTeX info: "xparse/define-command"
. 
. Defining command \acot with sig. '' on line 337.
.................................................
.................................................
. LaTeX info: "xparse/redefine-command"
. 
. Redefining command \sinh with sig. '' on line 339.
.................................................
.................................................
. LaTeX info: "xparse/redefine-command"
. 
. Redefining command \cosh with sig. '' on line 340.
.................................................
.................................................
. LaTeX info: "xparse/redefine-command"
. 
. Redefining command \tanh with sig. '' on line 341.
.................................................
.................................................
. LaTeX info: "xparse/define-command"
. 
. Defining command \csch with sig. '' on line 343.
.................................................
.................................................
. LaTeX info: "xparse/define-command"
. 
. Defining command \sech with sig. '' on line 345.
.................................................
.................................................
. LaTeX info: "xparse/redefine-command"
. 
. Redefining command \coth with sig. '' on line 346.
.................................................
.................................................
. LaTeX info: "xparse/redefine-command"
. 
. Redefining command \exp with sig. '' on line 348.
.................................................
.................................................
. LaTeX info: "xparse/redefine-command"
. 
. Redefining command \log with sig. '' on line 349.
.................................................
.................................................
. LaTeX info: "xparse/redefine-command"
. 
. Redefining command \ln with sig. '' on line 350.
.................................................
.................................................
. LaTeX info: "xparse/redefine-command"
. 
. Redefining command \det with sig. '' on line 351.
.................................................
.................................................
. LaTeX info: "xparse/redefine-command"
. 
. Redefining command \Pr with sig. '' on line 352.
.................................................
.................................................
. LaTeX info: "xparse/define-command"
. 
. Defining command \tr with sig. '' on line 353.
.................................................
.................................................
. LaTeX info: "xparse/define-command"
. 
. Defining command \Tr with sig. '' on line 354.
.................................................
.................................................
. LaTeX info: "xparse/define-command"
. 
. Defining command \Res with sig. '' on line 355.
.................................................
.................................................
. LaTeX info: "xparse/define-command"
. 
. Defining command \qqtext with sig. ' s m ' on line 377.
.................................................
.................................................
. LaTeX info: "xparse/define-command"
. 
. Defining command \qq with sig. '' on line 378.
.................................................
.................................................
. LaTeX info: "xparse/define-command"
. 
. Defining command \qcomma with sig. '' on line 380.
.................................................
.................................................
. LaTeX info: "xparse/define-command"
. 
. Defining command \qc with sig. '' on line 381.
.................................................
.................................................
. LaTeX info: "xparse/define-command"
. 
. Defining command \qif with sig. 's' on line 383.
.................................................
.................................................
. LaTeX info: "xparse/define-command"
. 
. Defining command \qthen with sig. 's' on line 384.
.................................................
.................................................
. LaTeX info: "xparse/define-command"
. 
. Defining command \qelse with sig. 's' on line 385.
.................................................
.................................................
. LaTeX info: "xparse/define-command"
. 
. Defining command \qotherwise with sig. 's' on line 386.
.................................................
.................................................
. LaTeX info: "xparse/define-command"
. 
. Defining command \qunless with sig. 's' on line 387.
.................................................
.................................................
. LaTeX info: "xparse/define-command"
. 
. Defining command \qgiven with sig. 's' on line 388.
.................................................
.................................................
. LaTeX info: "xparse/define-command"
. 
. Defining command \qusing with sig. 's' on line 389.
.................................................
.................................................
. LaTeX info: "xparse/define-command"
. 
. Defining command \qassume with sig. 's' on line 390.
.................................................
.................................................
. LaTeX info: "xparse/define-command"
. 
. Defining command \qsince with sig. 's' on line 391.
.................................................
.................................................
. LaTeX info: "xparse/define-command"
. 
. Defining command \qlet with sig. 's' on line 392.
.................................................
.................................................
. LaTeX info: "xparse/define-command"
. 
. Defining command \qfor with sig. 's' on line 393.
.................................................
.................................................
. LaTeX info: "xparse/define-command"
. 
. Defining command \qall with sig. 's' on line 394.
.................................................
.................................................
. LaTeX info: "xparse/define-command"
. 
. Defining command \qeven with sig. 's' on line 395.
.................................................
.................................................
. LaTeX info: "xparse/define-command"
. 
. Defining command \qodd with sig. 's' on line 396.
.................................................
.................................................
. LaTeX info: "xparse/define-command"
. 
. Defining command \qinteger with sig. 's' on line 397.
.................................................
.................................................
. LaTeX info: "xparse/define-command"
. 
. Defining command \qand with sig. 's' on line 398.
.................................................
.................................................
. LaTeX info: "xparse/define-command"
. 
. Defining command \qor with sig. 's' on line 399.
.................................................
.................................................
. LaTeX info: "xparse/define-command"
. 
. Defining command \qas with sig. 's' on line 400.
.................................................
.................................................
. LaTeX info: "xparse/define-command"
. 
. Defining command \qin with sig. 's' on line 401.
.................................................
.................................................
. LaTeX info: "xparse/define-command"
. 
. Defining command \qcc with sig. 's' on line 402.
.................................................
.................................................
. LaTeX info: "xparse/define-command"
. 
. Defining command \differential with sig. ' o g d() ' on line 415.
.................................................
.................................................
. LaTeX info: "xparse/define-command"
. 
. Defining command \dd with sig. '' on line 416.
.................................................
.................................................
. LaTeX info: "xparse/define-command"
. 
. Defining command \derivative with sig. ' s o m g d() ' on line 435.
.................................................
.................................................
. LaTeX info: "xparse/define-command"
. 
. Defining command \dv with sig. '' on line 436.
.................................................
.................................................
. LaTeX info: "xparse/define-command"
. 
. Defining command \partialderivative with sig. ' s o m g g d() ' on line 460.
.................................................
.................................................
. LaTeX info: "xparse/define-command"
. 
. Defining command \pderivative with sig. '' on line 461.
.................................................
.................................................
. LaTeX info: "xparse/define-command"
. 
. Defining command \pdv with sig. '' on line 462.
.................................................
.................................................
. LaTeX info: "xparse/define-command"
. 
. Defining command \variation with sig. ' o g d() ' on line 474.
.................................................
.................................................
. LaTeX info: "xparse/define-command"
. 
. Defining command \var with sig. '' on line 475.
.................................................
.................................................
. LaTeX info: "xparse/define-command"
. 
. Defining command \functionalderivative with sig. ' s o m g d() ' on line
. 494.
.................................................
.................................................
. LaTeX info: "xparse/define-command"
. 
. Defining command \fderivative with sig. '' on line 495.
.................................................
.................................................
. LaTeX info: "xparse/define-command"
. 
. Defining command \fdv with sig. '' on line 496.
.................................................
.................................................
. LaTeX info: "xparse/define-command"
. 
. Defining command \bra with sig. ' s m t\ket s g ' on line 526.
.................................................
.................................................
. LaTeX info: "xparse/define-command"
. 
. Defining command \ket with sig. ' s m ' on line 533.
.................................................
.................................................
. LaTeX info: "xparse/define-command"
. 
. Defining command \innerproduct with sig. ' s m g ' on line 548.
.................................................
.................................................
. LaTeX info: "xparse/define-command"
. 
. Defining command \braket with sig. '' on line 549.
.................................................
.................................................
. LaTeX info: "xparse/define-command"
. 
. Defining command \ip with sig. '' on line 550.
.................................................
.................................................
. LaTeX info: "xparse/define-command"
. 
. Defining command \outerproduct with sig. ' s m g ' on line 565.
.................................................
.................................................
. LaTeX info: "xparse/define-command"
. 
. Defining command \dyad with sig. '' on line 566.
.................................................
.................................................
. LaTeX info: "xparse/define-command"
. 
. Defining command \op with sig. '' on line 567.
.................................................
.................................................
. LaTeX info: "xparse/define-command"
. 
. Defining command \ketbra with sig. '' on line 568.
.................................................
.................................................
. LaTeX info: "xparse/define-command"
. 
. Defining command \expectationvalue with sig. ' s s m g ' on line 587.
.................................................
.................................................
. LaTeX info: "xparse/define-command"
. 
. Defining command \expval with sig. '' on line 588.
.................................................
.................................................
. LaTeX info: "xparse/define-command"
. 
. Defining command \ev with sig. '' on line 589.
.................................................
.................................................
. LaTeX info: "xparse/define-command"
. 
. Defining command \vev with sig. ' m ' on line 590.
.................................................
.................................................
. LaTeX info: "xparse/define-command"
. 
. Defining command \matrixelement with sig. ' s s m m m ' on line 601.
.................................................
.................................................
. LaTeX info: "xparse/define-command"
. 
. Defining command \matrixel with sig. '' on line 602.
.................................................
.................................................
. LaTeX info: "xparse/define-command"
. 
. Defining command \mel with sig. '' on line 603.
.................................................
.................................................
. LaTeX info: "xparse/define-command"
. 
. Defining command \identitymatrix with sig. 'm' on line 633.
.................................................
.................................................
. LaTeX info: "xparse/define-command"
. 
. Defining command \imat with sig. '' on line 634.
.................................................
.................................................
. LaTeX info: "xparse/define-command"
. 
. Defining command \xmatrix with sig. ' s m m m ' on line 659.
.................................................
.................................................
. LaTeX info: "xparse/define-command"
. 
. Defining command \xmat with sig. '' on line 660.
.................................................
.................................................
. LaTeX info: "xparse/define-command"
. 
. Defining command \zeromatrix with sig. ' m g ' on line 662.
.................................................
.................................................
. LaTeX info: "xparse/define-command"
. 
. Defining command \zmat with sig. '' on line 663.
.................................................
.................................................
. LaTeX info: "xparse/define-command"
. 
. Defining command \paulixmatrix with sig. '' on line 665.
.................................................
.................................................
. LaTeX info: "xparse/define-command"
. 
. Defining command \pauliymatrix with sig. '' on line 666.
.................................................
.................................................
. LaTeX info: "xparse/define-command"
. 
. Defining command \paulizmatrix with sig. '' on line 667.
.................................................
.................................................
. LaTeX info: "xparse/define-command"
. 
. Defining command \paulimatrix with sig. 'm' on line 678.
.................................................
.................................................
. LaTeX info: "xparse/define-command"
. 
. Defining command \pmat with sig. '' on line 679.
.................................................
.................................................
. LaTeX info: "xparse/define-command"
. 
. Defining command \diagonalmatrix with sig. 'O{} >{\SplitList {,}}m ' on line
. 681.
.................................................
.................................................
. LaTeX info: "xparse/define-command"
. 
. Defining command \@dmat with sig. 'mmggggggg' on line 714.
.................................................
.................................................
. LaTeX info: "xparse/define-command"
. 
. Defining command \dmat with sig. '' on line 715.
.................................................
.................................................
. LaTeX info: "xparse/define-command"
. 
. Defining command \antidiagonalmatrix with sig. 'O{} >{\SplitList {,}}m ' on
. line 717.
.................................................
.................................................
. LaTeX info: "xparse/define-command"
. 
. Defining command \@admat with sig. 'mmggggggg' on line 750.
.................................................
.................................................
. LaTeX info: "xparse/define-command"
. 
. Defining command \admat with sig. '' on line 751.
.................................................
.................................................
. LaTeX info: "xparse/define-command"
. 
. Defining command \flatfrac with sig. ' m m ' on line 754.
.................................................
.................................................
. LaTeX info: "xparse/define-command"
. 
. Defining command \homework with sig. '' on line 764.
.................................................
)
(/usr/local/texlive/2016/texmf-dist/tex/latex/tools/bm.sty
Package: bm 2016/02/27 v1.2a Bold Symbol Support (DPC/FMi)
\symboldoperators=\mathgroup6
\symboldletters=\mathgroup7
\symboldsymbols=\mathgroup8
LaTeX Font Info:    Redeclaring math alphabet \mathbf on input line 142.
LaTeX Info: Redefining \bm on input line 208.
)
(/usr/local/texlive/2016/texmf-dist/tex/latex/tools/array.sty
Package: array 2014/10/28 v2.4c Tabular extension package (FMi)
\col@sep=\dimen157
\extrarowheight=\dimen158
\NC@list=\toks22
\extratabsurround=\skip52
\backup@length=\skip53
)
(/usr/local/texlive/2016/texmf-dist/tex/latex/was/gensymb.sty
Package: gensymb 2003/07/02 v1.0 (WaS)
) (./template.aux)
\openout1 = `template.aux'.

LaTeX Font Info:    Checking defaults for OML/cmm/m/it on input line 69.
LaTeX Font Info:    ... okay on input line 69.
LaTeX Font Info:    Checking defaults for T1/cmr/m/n on input line 69.
LaTeX Font Info:    ... okay on input line 69.
LaTeX Font Info:    Checking defaults for OT1/cmr/m/n on input line 69.
LaTeX Font Info:    ... okay on input line 69.
LaTeX Font Info:    Checking defaults for OMS/cmsy/m/n on input line 69.
LaTeX Font Info:    ... okay on input line 69.
LaTeX Font Info:    Checking defaults for OMX/cmex/m/n on input line 69.
LaTeX Font Info:    ... okay on input line 69.
LaTeX Font Info:    Checking defaults for U/cmr/m/n on input line 69.
LaTeX Font Info:    ... okay on input line 69.
LaTeX Font Info:    Checking defaults for TS1/cmr/m/n on input line 69.
LaTeX Font Info:    ... okay on input line 69.
Unknown journal: specify \journalname{<name of your journal>} in preambel

(/usr/local/texlive/2016/texmf-dist/tex/context/base/mkii/supp-pdf.mkii
[Loading MPS to PDF converter (version 2006.09.02).]
\scratchcounter=\count146
\scratchdimen=\dimen159
\scratchbox=\box47
\nofMPsegments=\count147
\nofMParguments=\count148
\everyMPshowfont=\toks23
\MPscratchCnt=\count149
\MPscratchDim=\dimen160
\MPnumerator=\count150
\makeMPintoPDFobject=\count151
\everyMPtoPDFconversion=\toks24
) (/usr/local/texlive/2016/texmf-dist/tex/generic/oberdiek/pdftexcmds.sty
Package: pdftexcmds 2016/05/10 v0.21 Utility functions of pdfTeX for LuaTeX (HO
)

(/usr/local/texlive/2016/texmf-dist/tex/generic/oberdiek/ifluatex.sty
Package: ifluatex 2016/05/16 v1.4 Provides the ifluatex switch (HO)
Package ifluatex Info: LuaTeX not detected.
)
(/usr/local/texlive/2016/texmf-dist/tex/generic/oberdiek/ifpdf.sty
Package: ifpdf 2016/05/14 v3.1 Provides the ifpdf switch
)
Package pdftexcmds Info: LuaTeX not detected.
Package pdftexcmds Info: \pdf@primitive is available.
Package pdftexcmds Info: \pdf@ifprimitive is available.
Package pdftexcmds Info: \pdfdraftmode found.
)
(/usr/local/texlive/2016/texmf-dist/tex/latex/oberdiek/epstopdf-base.sty
Package: epstopdf-base 2016/05/15 v2.6 Base part for package epstopdf

(/usr/local/texlive/2016/texmf-dist/tex/latex/oberdiek/grfext.sty
Package: grfext 2016/05/16 v1.2 Manage graphics extensions (HO)

(/usr/local/texlive/2016/texmf-dist/tex/generic/oberdiek/kvdefinekeys.sty
Package: kvdefinekeys 2016/05/16 v1.4 Define keys (HO)
))
(/usr/local/texlive/2016/texmf-dist/tex/latex/oberdiek/kvoptions.sty
Package: kvoptions 2016/05/16 v3.12 Key value format for package options (HO)

(/usr/local/texlive/2016/texmf-dist/tex/generic/oberdiek/kvsetkeys.sty
Package: kvsetkeys 2016/05/16 v1.17 Key value parser (HO)

(/usr/local/texlive/2016/texmf-dist/tex/generic/oberdiek/etexcmds.sty
Package: etexcmds 2016/05/16 v1.6 Avoid name clashes with e-TeX commands (HO)
Package etexcmds Info: Could not find \expanded.
(etexcmds)             That can mean that you are not using pdfTeX 1.50 or
(etexcmds)             that some package has redefined \expanded.
(etexcmds)             In the latter case, load this package earlier.
)))
Package grfext Info: Graphics extension search list:
(grfext)             [.png,.pdf,.jpg,.mps,.jpeg,.jbig2,.jb2,.PNG,.PDF,.JPG,.JPE
G,.JBIG2,.JB2,.eps]
(grfext)             \AppendGraphicsExtensions on input line 456.

(/usr/local/texlive/2016/texmf-dist/tex/latex/latexconfig/epstopdf-sys.cfg
File: epstopdf-sys.cfg 2010/07/13 v1.3 Configuration of (r)epstopdf for TeX Liv
e
))
LaTeX Info: Redefining \celsius on input line 69.
Package gensymb Info: Faking symbols for \degree and \celsius on input line 69.



Package gensymb Warning: Not defining \perthousand.

LaTeX Info: Redefining \ohm on input line 69.
Package gensymb Info: Using \Omega for \ohm on input line 69.

Package gensymb Warning: Not defining \micro.

SVJour3 warning: Missing \journalname
LaTeX Font Info:    Try loading font information for U+msa on input line 108.
(/usr/local/texlive/2016/texmf-dist/tex/latex/amsfonts/umsa.fd
File: umsa.fd 2013/01/14 v3.01 AMS symbols A
)
LaTeX Font Info:    Try loading font information for U+msb on input line 108.

(/usr/local/texlive/2016/texmf-dist/tex/latex/amsfonts/umsb.fd
File: umsb.fd 2013/01/14 v3.01 AMS symbols B
)
LaTeX Font Info:    Calculating math sizes for size <8.5> on input line 108.

Underfull \vbox (badness 4940) has occurred while \output is active []


Overfull \hbox (9.25853pt too wide) in paragraph at lines 138--143
\OT1/cmr/m/n/10 the manned avi-a-tion com-mu-nity af-ter in-ci-dences of drones

 []

[1{/usr/local/texlive/2016/texmf-var/fonts/map/pdftex/updmap/pdftex.map}


]
Package epstopdf Info: Source file: <figures/FTCS.eps>
(epstopdf)                    date: 2018-07-02 23:59:27
(epstopdf)                    size: 207043 bytes
(epstopdf)             Output file: <figures/FTCS-eps-converted-to.pdf>
(epstopdf)                    date: 2018-07-02 23:59:46
(epstopdf)                    size: 25189 bytes
(epstopdf)             Command: <repstopdf --outfile=figures/FTCS-eps-converted
-to.pdf figures/FTCS.eps>
(epstopdf)             \includegraphics on input line 174.
Package epstopdf Info: Output file is already uptodate.

<figures/FTCS-eps-converted-to.pdf, id=13, 324.21124pt x 324.21124pt>
File: figures/FTCS-eps-converted-to.pdf Graphic file (type pdf)

<use figures/FTCS-eps-converted-to.pdf>
Package pdftex.def Info: figures/FTCS-eps-converted-to.pdf used on input line 1
74.
(pdftex.def)             Requested size: 241.84842pt x 241.8518pt.

Overfull \hbox (2.88425pt too wide) in paragraph at lines 174--175
 [] 
 []


Overfull \hbox (2.95183pt too wide) in paragraph at lines 180--186
[]\OT1/cmr/m/n/10 Fault tol-er-ant con-trol sys-tems (FTCS) are com-monly
 []


Underfull \vbox (badness 10000) has occurred while \output is active []

 [2 <./figures/FTCS-eps-converted-to.pdf>]
Overfull \hbox (4.14627pt too wide) in paragraph at lines 187--190
\OT1/cmr/m/n/10 in-dus-try has not im-ple-mented FTCS widely, ex-cept some
 []


Overfull \hbox (4.34181pt too wide) in paragraph at lines 196--206
\OT1/cmr/m/n/10 fault by ex-ploit-ing the re-la-tions be-tween es-ti-mated stat
es
 []

Missing character: There is no  in font cmr10!
[3]
Overfull \hbox (11.2018pt too wide) in paragraph at lines 216--219
\OT1/cmr/m/n/10 tems. Com-par-i-son be-tween PCA and model based stochas-
 []

Package epstopdf Info: Source file: <figures/svmHyperplane.eps>
(epstopdf)                    date: 2017-07-26 14:22:29
(epstopdf)                    size: 224365 bytes
(epstopdf)             Output file: <figures/svmHyperplane-eps-converted-to.pdf
>
(epstopdf)                    date: 2018-01-02 14:26:40
(epstopdf)                    size: 48451 bytes
(epstopdf)             Command: <repstopdf --outfile=figures/svmHyperplane-eps-
converted-to.pdf figures/svmHyperplane.eps>
(epstopdf)             \includegraphics on input line 222.
Package epstopdf Info: Output file is already uptodate.
<figures/svmHyperplane-eps-converted-to.pdf, id=41, 342.27875pt x 307.1475pt>
File: figures/svmHyperplane-eps-converted-to.pdf Graphic file (type pdf)

<use figures/svmHyperplane-eps-converted-to.pdf>
Package pdftex.def Info: figures/svmHyperplane-eps-converted-to.pdf used on inp
ut line 222.
(pdftex.def)             Requested size: 199.16928pt x 178.7315pt.

Overfull \hbox (1.20293pt too wide) in paragraph at lines 230--231
\OT1/cmr/m/n/10 prop-erty, the ca-pac-ity of gen-er-al-iza-tion is im-proved ev
en
 []


Underfull \vbox (badness 10000) has occurred while \output is active []

Package epstopdf Info: Source file: <figures/supervisedLearningBasics.eps>
(epstopdf)                    date: 2018-07-03 14:07:15
(epstopdf)                    size: 49912 bytes
(epstopdf)             Output file: <figures/supervisedLearningBasics-eps-conve
rted-to.pdf>
(epstopdf)                    date: 2018-07-03 14:07:31
(epstopdf)                    size: 14015 bytes
(epstopdf)             Command: <repstopdf --outfile=figures/supervisedLearning
Basics-eps-converted-to.pdf figures/supervisedLearningBasics.eps>
(epstopdf)             \includegraphics on input line 236.
Package epstopdf Info: Output file is already uptodate.

<figures/supervisedLearningBasics-eps-converted-to.pdf, id=42, 462.72874pt x 18
3.68625pt>
File: figures/supervisedLearningBasics-eps-converted-to.pdf Graphic file (type 
pdf)
 <use figures/supervisedLearningBasics-eps-converted-to.pdf>
Package pdftex.def Info: figures/supervisedLearningBasics-eps-converted-to.pdf 
used on input line 236.
(pdftex.def)             Requested size: 247.53888pt x 98.26414pt.

Overfull \hbox (8.5747pt too wide) in paragraph at lines 236--237
 [] 
 []

Package epstopdf Info: Source file: <figures/groundStationFaultInj.eps>
(epstopdf)                    date: 2017-09-28 15:58:38
(epstopdf)                    size: 10998151 bytes
(epstopdf)             Output file: <figures/groundStationFaultInj-eps-converte
d-to.pdf>
(epstopdf)                    date: 2018-01-02 16:13:59
(epstopdf)                    size: 710181 bytes
(epstopdf)             Command: <repstopdf --outfile=figures/groundStationFault
Inj-eps-converted-to.pdf figures/groundStationFaultInj.eps>
(epstopdf)             \includegraphics on input line 246.
Package epstopdf Info: Output file is already uptodate.

<figures/groundStationFaultInj-eps-converted-to.pdf, id=43, 1168.365pt x 743.77
875pt>
File: figures/groundStationFaultInj-eps-converted-to.pdf Graphic file (type pdf
)
 <use figures/groundStationFaultInj-eps-converted-to.pdf>
Package pdftex.def Info: figures/groundStationFaultInj-eps-converted-to.pdf use
d on input line 246.
(pdftex.def)             Requested size: 396.00151pt x 252.08699pt.
 [4 <./figures/svmHyperplane-eps-converted-to.pdf> <./figures/supervisedLearnin
gBasics-eps-converted-to.pdf>]
Package epstopdf Info: Source file: <figures/pprzControlModes.eps>
(epstopdf)                    date: 2018-07-03 11:49:30
(epstopdf)                    size: 2065088 bytes
(epstopdf)             Output file: <figures/pprzControlModes-eps-converted-to.
pdf>
(epstopdf)                    date: 2018-07-03 11:49:44
(epstopdf)                    size: 73610 bytes
(epstopdf)             Command: <repstopdf --outfile=figures/pprzControlModes-e
ps-converted-to.pdf figures/pprzControlModes.eps>
(epstopdf)             \includegraphics on input line 294.
Package epstopdf Info: Output file is already uptodate.

<figures/pprzControlModes-eps-converted-to.pdf, id=97, 543.02875pt x 287.0725pt
>
File: figures/pprzControlModes-eps-converted-to.pdf Graphic file (type pdf)
 <use figures/pprzControlModes-eps-converted-to.pdf>
Package pdftex.def Info: figures/pprzControlModes-eps-converted-to.pdf used on 
input line 294.
(pdftex.def)             Requested size: 371.25pt x 196.27113pt.
Package epstopdf Info: Source file: <figures/faultInjectionPprz.eps>
(epstopdf)                    date: 2018-07-03 13:44:01
(epstopdf)                    size: 1865814 bytes
(epstopdf)             Output file: <figures/faultInjectionPprz-eps-converted-t
o.pdf>
(epstopdf)                    date: 2018-07-03 13:45:27
(epstopdf)                    size: 72406 bytes
(epstopdf)             Command: <repstopdf --outfile=figures/faultInjectionPprz
-eps-converted-to.pdf figures/faultInjectionPprz.eps>
(epstopdf)             \includegraphics on input line 318.
Package epstopdf Info: Output file is already uptodate.

<figures/faultInjectionPprz-eps-converted-to.pdf, id=98, 594.22pt x 300.12125pt
>
File: figures/faultInjectionPprz-eps-converted-to.pdf Graphic file (type pdf)
 <use figures/faultInjectionPprz-eps-converted-to.pdf>
Package pdftex.def Info: figures/faultInjectionPprz-eps-converted-to.pdf used o
n input line 318.
(pdftex.def)             Requested size: 396.00151pt x 200.01775pt.
 [5]
Underfull \vbox (badness 10000) has occurred while \output is active []


Underfull \vbox (badness 10000) has occurred while \output is active []

 [6 <./figures/groundStationFaultInj-eps-converted-to.pdf> <./figures/pprzContr
olModes-eps-converted-to.pdf>] <figures/zagi.png, id=127, 456.7464pt x 206.6922
pt>
File: figures/zagi.png Graphic file (type png)

<use figures/zagi.png>
Package pdftex.def Info: figures/zagi.png used on input line 353.
(pdftex.def)             Requested size: 240.0753pt x 108.64117pt.

Overfull \hbox (1.11113pt too wide) in paragraph at lines 353--354
 [] 
 []


Underfull \vbox (badness 1983) has occurred while \output is active []

 [7 <./figures/faultInjectionPprz-eps-converted-to.pdf> <./figures/zagi.png>]
Package epstopdf Info: Source file: <figures/flightDataSettings.eps>
(epstopdf)                    date: 2017-10-10 16:48:30
(epstopdf)                    size: 62746 bytes
(epstopdf)             Output file: <figures/flightDataSettings-eps-converted-t
o.pdf>
(epstopdf)                    date: 2018-01-02 17:46:35
(epstopdf)                    size: 16918 bytes
(epstopdf)             Command: <repstopdf --outfile=figures/flightDataSettings
-eps-converted-to.pdf figures/flightDataSettings.eps>
(epstopdf)             \includegraphics on input line 381.
Package epstopdf Info: Output file is already uptodate.

<figures/flightDataSettings-eps-converted-to.pdf, id=162, 515.9275pt x 168.63pt
>
File: figures/flightDataSettings-eps-converted-to.pdf Graphic file (type pdf)
 <use figures/flightDataSettings-eps-converted-to.pdf>
Package pdftex.def Info: figures/flightDataSettings-eps-converted-to.pdf used o
n input line 381.
(pdftex.def)             Requested size: 297.00302pt x 97.07727pt.

Overfull \hbox (58.03885pt too wide) in paragraph at lines 381--382
 [] 
 []

Package epstopdf Info: Source file: <figures/dataSettingsNominalFault.eps>
(epstopdf)                    date: 2017-10-10 15:24:47
(epstopdf)                    size: 18086455 bytes
(epstopdf)             Output file: <figures/dataSettingsNominalFault-eps-conve
rted-to.pdf>
(epstopdf)                    date: 2018-01-02 17:46:34
(epstopdf)                    size: 755119 bytes
(epstopdf)             Command: <repstopdf --outfile=figures/dataSettingsNomina
lFault-eps-converted-to.pdf figures/dataSettingsNominalFault.eps>
(epstopdf)             \includegraphics on input line 392.
Package epstopdf Info: Output file is already uptodate.

<figures/dataSettingsNominalFault-eps-converted-to.pdf, id=163, 587.19376pt x 1
063.975pt>
File: figures/dataSettingsNominalFault-eps-converted-to.pdf Graphic file (type 
pdf)
 <use figures/dataSettingsNominalFault-eps-converted-to.pdf>
Package pdftex.def Info: figures/dataSettingsNominalFault-eps-converted-to.pdf 
used on input line 392.
(pdftex.def)             Requested size: 262.3494pt x 475.35876pt.

Overfull \hbox (23.38522pt too wide) in paragraph at lines 392--393
 [] 
 []

<figures/actuatorFaults.png, id=164, 796.9775pt x 464.73625pt>
File: figures/actuatorFaults.png Graphic file (type png)

<use figures/actuatorFaults.png>
Package pdftex.def Info: figures/actuatorFaults.png used on input line 410.
(pdftex.def)             Requested size: 247.5pt x 144.32202pt.

Overfull \hbox (8.53583pt too wide) in paragraph at lines 410--411
 [] 
 []


Underfull \vbox (badness 10000) has occurred while \output is active []

 [8 <./figures/flightDataSettings-eps-converted-to.pdf> <./figures/dataSettings
NominalFault-eps-converted-to.pdf>]
Overfull \hbox (4.48082pt too wide) in paragraph at lines 440--448
\OT1/cmr/m/n/10 max-i-miz-ing the mar-gin by solv-ing the op-ti-miza-tion prob-

 []

Package epstopdf Info: Source file: <figures/objectiveFuncEval.eps>
(epstopdf)                    date: 2018-01-10 13:03:06
(epstopdf)                    size: 30905 bytes
(epstopdf)             Output file: <figures/objectiveFuncEval-eps-converted-to
.pdf>
(epstopdf)                    date: 2018-01-10 13:03:22
(epstopdf)                    size: 11106 bytes
(epstopdf)             Command: <repstopdf --outfile=figures/objectiveFuncEval-
eps-converted-to.pdf figures/objectiveFuncEval.eps>
(epstopdf)             \includegraphics on input line 480.
Package epstopdf Info: Output file is already uptodate.

<figures/objectiveFuncEval-eps-converted-to.pdf, id=204, 370.38374pt x 312.1662
4pt>
File: figures/objectiveFuncEval-eps-converted-to.pdf Graphic file (type pdf)
 <use figures/objectiveFuncEval-eps-converted-to.pdf>
Package pdftex.def Info: figures/objectiveFuncEval-eps-converted-to.pdf used on
 input line 480.
(pdftex.def)             Requested size: 222.74849pt x 187.73941pt.
Package epstopdf Info: Source file: <figures/objFuncModel.eps>
(epstopdf)                    date: 2018-01-10 12:58:40
(epstopdf)                    size: 657139 bytes
(epstopdf)             Output file: <figures/objFuncModel-eps-converted-to.pdf>

(epstopdf)                    date: 2018-01-10 13:01:06
(epstopdf)                    size: 90506 bytes
(epstopdf)             Command: <repstopdf --outfile=figures/objFuncModel-eps-c
onverted-to.pdf figures/objFuncModel.eps>
(epstopdf)             \includegraphics on input line 488.
Package epstopdf Info: Output file is already uptodate.

<figures/objFuncModel-eps-converted-to.pdf, id=205, 458.71375pt x 466.74374pt>
File: figures/objFuncModel-eps-converted-to.pdf Graphic file (type pdf)

<use figures/objFuncModel-eps-converted-to.pdf>
Package pdftex.def Info: figures/objFuncModel-eps-converted-to.pdf used on inpu
t line 488.
(pdftex.def)             Requested size: 222.74849pt x 226.6482pt.
 [9 <./figures/actuatorFaults.png>] [10 <./figures/objectiveFuncEval-eps-conver
ted-to.pdf> <./figures/objFuncModel-eps-converted-to.pdf>]
Package epstopdf Info: Source file: <figures/confusionMatrix.eps>
(epstopdf)                    date: 2018-06-14 14:46:17
(epstopdf)                    size: 159891 bytes
(epstopdf)             Output file: <figures/confusionMatrix-eps-converted-to.p
df>
(epstopdf)                    date: 2018-06-14 14:46:59
(epstopdf)                    size: 28325 bytes
(epstopdf)             Command: <repstopdf --outfile=figures/confusionMatrix-ep
s-converted-to.pdf figures/confusionMatrix.eps>
(epstopdf)             \includegraphics on input line 534.
Package epstopdf Info: Output file is already uptodate.

<figures/confusionMatrix-eps-converted-to.pdf, id=227, 344.28625pt x 309.155pt>
File: figures/confusionMatrix-eps-converted-to.pdf Graphic file (type pdf)
<use figures/confusionMatrix-eps-converted-to.pdf>
Package pdftex.def Info: figures/confusionMatrix-eps-converted-to.pdf used on i
nput line 534.
(pdftex.def)             Requested size: 173.25302pt x 155.57246pt.
Package epstopdf Info: Source file: <figures/acc_x.eps>
(epstopdf)                    date: 2017-09-28 15:03:43
(epstopdf)                    size: 41804 bytes
(epstopdf)             Output file: <figures/acc_x-eps-converted-to.pdf>
(epstopdf)                    date: 2018-01-03 10:46:36
(epstopdf)                    size: 16856 bytes
(epstopdf)             Command: <repstopdf --outfile=figures/acc_x-eps-converte
d-to.pdf figures/acc_x.eps>
(epstopdf)             \includegraphics on input line 574.
Package epstopdf Info: Output file is already uptodate.

<figures/acc_x-eps-converted-to.pdf, id=228, 474.77374pt x 382.42876pt>
File: figures/acc_x-eps-converted-to.pdf Graphic file (type pdf)

<use figures/acc_x-eps-converted-to.pdf>
Package pdftex.def Info: figures/acc_x-eps-converted-to.pdf used on input line 
574.
(pdftex.def)             Requested size: 222.74849pt x 179.42058pt.
 [11 <./figures/confusionMatrix-eps-converted-to.pdf>]
Package epstopdf Info: Source file: <figures/acc_x_evenLongerNominal.eps>
(epstopdf)                    date: 2017-09-28 15:03:43
(epstopdf)                    size: 94970 bytes
(epstopdf)             Output file: <figures/acc_x_evenLongerNominal-eps-conver
ted-to.pdf>
(epstopdf)                    date: 2018-01-03 10:46:37
(epstopdf)                    size: 36221 bytes
(epstopdf)             Command: <repstopdf --outfile=figures/acc_x_evenLongerNo
minal-eps-converted-to.pdf figures/acc_x_evenLongerNominal.eps>
(epstopdf)             \includegraphics on input line 582.
Package epstopdf Info: Output file is already uptodate.

<figures/acc_x_evenLongerNominal-eps-converted-to.pdf, id=244, 485.815pt x 382.
42876pt>
File: figures/acc_x_evenLongerNominal-eps-converted-to.pdf Graphic file (type p
df)
 <use figures/acc_x_evenLongerNominal-eps-converted-to.pdf>
Package pdftex.def Info: figures/acc_x_evenLongerNominal-eps-converted-to.pdf u
sed on input line 582.
(pdftex.def)             Requested size: 222.74849pt x 175.34164pt.
Package epstopdf Info: Source file: <figures/acc_z.eps>
(epstopdf)                    date: 2017-09-28 15:03:43
(epstopdf)                    size: 41196 bytes
(epstopdf)             Output file: <figures/acc_z-eps-converted-to.pdf>
(epstopdf)                    date: 2018-01-03 10:46:37
(epstopdf)                    size: 16985 bytes
(epstopdf)             Command: <repstopdf --outfile=figures/acc_z-eps-converte
d-to.pdf figures/acc_z.eps>
(epstopdf)             \includegraphics on input line 590.
Package epstopdf Info: Output file is already uptodate.

<figures/acc_z-eps-converted-to.pdf, id=245, 471.7625pt x 381.425pt>
File: figures/acc_z-eps-converted-to.pdf Graphic file (type pdf)

<use figures/acc_z-eps-converted-to.pdf>
Package pdftex.def Info: figures/acc_z-eps-converted-to.pdf used on input line 
590.
(pdftex.def)             Requested size: 222.74849pt x 180.09622pt.
Package epstopdf Info: Source file: <figures/gyro_x.eps>
(epstopdf)                    date: 2017-09-28 15:03:43
(epstopdf)                    size: 42108 bytes
(epstopdf)             Output file: <figures/gyro_x-eps-converted-to.pdf>
(epstopdf)                    date: 2018-01-03 10:46:37
(epstopdf)                    size: 17048 bytes
(epstopdf)             Command: <repstopdf --outfile=figures/gyro_x-eps-convert
ed-to.pdf figures/gyro_x.eps>
(epstopdf)             \includegraphics on input line 598.
Package epstopdf Info: Output file is already uptodate.

<figures/gyro_x-eps-converted-to.pdf, id=246, 474.77374pt x 381.425pt>
File: figures/gyro_x-eps-converted-to.pdf Graphic file (type pdf)

<use figures/gyro_x-eps-converted-to.pdf>
Package pdftex.def Info: figures/gyro_x-eps-converted-to.pdf used on input line
 598.
(pdftex.def)             Requested size: 222.74849pt x 178.94966pt.
Package epstopdf Info: Source file: <figures/feat1vsfeat3FaultStuck.eps>
(epstopdf)                    date: 2018-01-08 11:23:45
(epstopdf)                    size: 1196757 bytes
(epstopdf)             Output file: <figures/feat1vsfeat3FaultStuck-eps-convert
ed-to.pdf>
(epstopdf)                    date: 2018-01-08 11:25:19
(epstopdf)                    size: 1116763 bytes
(epstopdf)             Command: <repstopdf --outfile=figures/feat1vsfeat3FaultS
tuck-eps-converted-to.pdf figures/feat1vsfeat3FaultStuck.eps>
(epstopdf)             \includegraphics on input line 608.
Package epstopdf Info: Output file is already uptodate.

<figures/feat1vsfeat3FaultStuck-eps-converted-to.pdf, id=247, 473.77pt x 380.42
125pt>
File: figures/feat1vsfeat3FaultStuck-eps-converted-to.pdf Graphic file (type pd
f)
 <use figures/feat1vsfeat3FaultStuck-eps-converted-to.pdf>
Package pdftex.def Info: figures/feat1vsfeat3FaultStuck-eps-converted-to.pdf us
ed on input line 608.
(pdftex.def)             Requested size: 222.74849pt x 178.85605pt.
Package epstopdf Info: Source file: <figures/feat1vsfeat2FaultStuck.eps>
(epstopdf)                    date: 2018-01-08 11:23:10
(epstopdf)                    size: 1196553 bytes
(epstopdf)             Output file: <figures/feat1vsfeat2FaultStuck-eps-convert
ed-to.pdf>
(epstopdf)                    date: 2018-01-08 11:25:20
(epstopdf)                    size: 1112237 bytes
(epstopdf)             Command: <repstopdf --outfile=figures/feat1vsfeat2FaultS
tuck-eps-converted-to.pdf figures/feat1vsfeat2FaultStuck.eps>
(epstopdf)             \includegraphics on input line 616.
Package epstopdf Info: Output file is already uptodate.

<figures/feat1vsfeat2FaultStuck-eps-converted-to.pdf, id=248, 467.7475pt x 381.
425pt>
File: figures/feat1vsfeat2FaultStuck-eps-converted-to.pdf Graphic file (type pd
f)
 <use figures/feat1vsfeat2FaultStuck-eps-converted-to.pdf>
Package pdftex.def Info: figures/feat1vsfeat2FaultStuck-eps-converted-to.pdf us
ed on input line 616.
(pdftex.def)             Requested size: 222.74849pt x 181.64435pt.

Underfull \hbox (badness 10000) in paragraph at lines 632--632
[]|\OT1/cmr/m/n/8.5 Untuned
 []


Underfull \hbox (badness 10000) in paragraph at lines 632--632
\OT1/cmr/m/n/8.5 lin-ear
 []


Underfull \hbox (badness 10000) in paragraph at lines 632--632
[]|\OT1/cmr/m/n/8.5 Untuned
 []


Underfull \hbox (badness 10000) in paragraph at lines 632--632
\OT1/cmr/m/n/8.5 Gaus-sian
 []


Underfull \hbox (badness 10000) in paragraph at lines 632--632
[]|\OT1/cmr/m/n/8.5 Tuned
 []


Underfull \hbox (badness 10000) in paragraph at lines 632--632
\OT1/cmr/m/n/8.5 heuris-tic
 []


Underfull \hbox (badness 10000) in paragraph at lines 632--632
\OT1/cmr/m/n/8.5 Gaus-sian
 []


Underfull \hbox (badness 10000) in paragraph at lines 632--633
[]|\OT1/cmr/m/n/8.5 Tuned
 []


Underfull \hbox (badness 10000) in paragraph at lines 632--633
\OT1/cmr/m/n/8.5 Bayesian
 []


Underfull \hbox (badness 10000) in paragraph at lines 632--633
\OT1/cmr/m/n/8.5 Gaus-sian
 []

[12 <./figures/acc_x-eps-converted-to.pdf> <./figures/acc_x_evenLongerNominal-e
ps-converted-to.pdf> <./figures/acc_z-eps-converted-to.pdf> <./figures/gyro_x-e
ps-converted-to.pdf> <./figures/feat1vsfeat3FaultStuck-eps-converted-to.pdf>]
Overfull \hbox (2.4251pt too wide) in paragraph at lines 652--655
[]\OT1/cmr/m/n/10 First prob-lem con-sid-ered for clas-si-fi-ca-tion is the rig
ht
 []


Underfull \hbox (badness 10000) in paragraph at lines 690--690
\OT1/cmr/m/n/8.5 tic 24 fea-
 []


Underfull \hbox (badness 10000) in paragraph at lines 690--690
\OT1/cmr/m/n/8.5 tures %60
 []


Overfull \hbox (21.4822pt too wide) in paragraph at lines 688--703
 [][] 
 []


Underfull \vbox (badness 2744) has occurred while \output is active []


Underfull \vbox (badness 10000) has occurred while \output is active []

 [13 <./figures/feat1vsfeat2FaultStuck-eps-converted-to.pdf>]
Underfull \vbox (badness 10000) has occurred while \output is active []


Underfull \hbox (badness 10000) in paragraph at lines 746--746
[]|\OT1/cmr/m/n/8.5 Untuned
 []


Underfull \hbox (badness 1259) in paragraph at lines 746--746
[]|\OT1/cmr/m/n/8.5 Tuned Heuris-
 []


Underfull \hbox (badness 10000) in paragraph at lines 746--746
[]|\OT1/cmr/m/n/8.5 Tuned Bayesian
 []


Underfull \hbox (badness 10000) in paragraph at lines 746--746
[]|\OT1/cmr/m/n/8.5 Untuned
 []


Underfull \hbox (badness 1259) in paragraph at lines 746--746
[]|\OT1/cmr/m/n/8.5 Tuned Heuris-
 []


Underfull \hbox (badness 10000) in paragraph at lines 746--747
[]|\OT1/cmr/m/n/8.5 Tuned Bayesian
 []


Underfull \hbox (badness 10000) in paragraph at lines 766--766
[]|\OT1/cmr/m/n/8.5 Tuned
 []


Underfull \hbox (badness 10000) in paragraph at lines 766--766
[]|\OT1/cmr/m/n/8.5 Tuned
 []

[14]
Underfull \hbox (badness 10000) in paragraph at lines 804--804
[]|\OT1/cmr/m/n/8.5 Tuned
 []


Underfull \hbox (badness 10000) in paragraph at lines 804--804
[]|\OT1/cmr/m/n/8.5 Tuned
 []


Underfull \hbox (badness 10000) in paragraph at lines 804--805
[]|\OT1/cmr/m/n/8.5 Tuned
 []


Underfull \vbox (badness 10000) has occurred while \output is active []


Underfull \vbox (badness 10000) has occurred while \output is active []

 [15]
Overfull \hbox (0.98064pt too wide) in paragraph at lines 859--871
\OT1/cmr/m/n/10 This work is an end-to-end de-sign to achieve data-driven
 []

(./template.bbl [16]
Underfull \hbox (badness 1769) in paragraph at lines 68--72
[]\OT1/cmr/m/n/8.5 Hajiyev, C., Caliskan, F.: Sen-sor and con-trol sur-
 []

) [17] (./template.aux) ) 
Here is how much of TeX's memory you used:
 10777 strings out of 493014
 196977 string characters out of 6133351
 245965 words of memory out of 5000000
 14204 multiletter control sequences out of 15000+600000
 16766 words of font info for 62 fonts, out of 8000000 for 9000
 1141 hyphenation exceptions out of 8191
 40i,13n,42p,10431b,330s stack positions out of 5000i,500n,10000p,200000b,80000s
</usr/local/texlive/2016/texmf-dist/fonts/type1/public
/amsfonts/cm/cmbsy10.pfb></usr/local/texlive/2016/texmf-dist/fonts/type1/public
/amsfonts/cm/cmbx10.pfb></usr/local/texlive/2016/texmf-dist/fonts/type1/public/
amsfonts/cm/cmbx12.pfb></usr/local/texlive/2016/texmf-dist/fonts/type1/public/a
msfonts/cm/cmbx8.pfb></usr/local/texlive/2016/texmf-dist/fonts/type1/public/ams
fonts/cm/cmex10.pfb></usr/local/texlive/2016/texmf-dist/fonts/type1/public/amsf
onts/cm/cmmi10.pfb></usr/local/texlive/2016/texmf-dist/fonts/type1/public/amsfo
nts/cm/cmmi5.pfb></usr/local/texlive/2016/texmf-dist/fonts/type1/public/amsfont
s/cm/cmmi7.pfb></usr/local/texlive/2016/texmf-dist/fonts/type1/public/amsfonts/
cm/cmmi8.pfb></usr/local/texlive/2016/texmf-dist/fonts/type1/public/amsfonts/cm
/cmmib10.pfb></usr/local/texlive/2016/texmf-dist/fonts/type1/public/amsfonts/cm
/cmr10.pfb></usr/local/texlive/2016/texmf-dist/fonts/type1/public/amsfonts/cm/c
mr5.pfb></usr/local/texlive/2016/texmf-dist/fonts/type1/public/amsfonts/cm/cmr7
.pfb></usr/local/texlive/2016/texmf-dist/fonts/type1/public/amsfonts/cm/cmr8.pf
b></usr/local/texlive/2016/texmf-dist/fonts/type1/public/amsfonts/cm/cmsy10.pfb
></usr/local/texlive/2016/texmf-dist/fonts/type1/public/amsfonts/cm/cmsy5.pfb><
/usr/local/texlive/2016/texmf-dist/fonts/type1/public/amsfonts/cm/cmsy7.pfb></u
sr/local/texlive/2016/texmf-dist/fonts/type1/public/amsfonts/cm/cmsy8.pfb></usr
/local/texlive/2016/texmf-dist/fonts/type1/public/amsfonts/cm/cmti10.pfb></usr/
local/texlive/2016/texmf-dist/fonts/type1/public/amsfonts/cm/cmti8.pfb>
Output written on template.pdf (17 pages, 5505479 bytes).
PDF statistics:
 365 PDF objects out of 1000 (max. 8388607)
 202 compressed objects within 3 object streams
 0 named destinations out of 1000 (max. 500000)
 96 words of extra memory for PDF output out of 10000 (max. 10000000)

